[debug] [2023-06-10T13:20:12.993Z] ----------------------------------------------------------------------
[debug] [2023-06-10T13:20:12.994Z] Command:       /usr/local/bin/node /usr/local/bin/firebase deploy
[debug] [2023-06-10T13:20:12.994Z] CLI Version:   11.25.2
[debug] [2023-06-10T13:20:12.994Z] Platform:      darwin
[debug] [2023-06-10T13:20:12.994Z] Node Version:  v16.14.2
[debug] [2023-06-10T13:20:12.995Z] Time:          Sat Jun 10 2023 16:20:12 GMT+0300 (Eastern European Summer Time)
[debug] [2023-06-10T13:20:12.995Z] ----------------------------------------------------------------------
[debug] 
[debug] [2023-06-10T13:20:13.030Z] > command requires scopes: ["email","openid","https://www.googleapis.com/auth/cloudplatformprojects.readonly","https://www.googleapis.com/auth/firebase","https://www.googleapis.com/auth/cloud-platform"]
[debug] [2023-06-10T13:20:13.030Z] > authorizing via signed-in user (alex.gaita99@gmail.com)
[debug] [2023-06-10T13:20:13.030Z] [iam] checking project proiect-ip-iot for permissions ["cloudfunctions.functions.create","cloudfunctions.functions.delete","cloudfunctions.functions.get","cloudfunctions.functions.list","cloudfunctions.functions.update","cloudfunctions.operations.get","firebase.projects.get"]
[debug] [2023-06-10T13:20:13.031Z] > refreshing access token with scopes: []
[debug] [2023-06-10T13:20:13.032Z] >>> [apiv2][query] POST https://www.googleapis.com/oauth2/v3/token [none]
[debug] [2023-06-10T13:20:13.032Z] >>> [apiv2][body] POST https://www.googleapis.com/oauth2/v3/token [omitted]
[debug] [2023-06-10T13:20:13.241Z] <<< [apiv2][status] POST https://www.googleapis.com/oauth2/v3/token 200
[debug] [2023-06-10T13:20:13.241Z] <<< [apiv2][body] POST https://www.googleapis.com/oauth2/v3/token [omitted]
[debug] [2023-06-10T13:20:13.290Z] >>> [apiv2][query] POST https://cloudresourcemanager.googleapis.com/v1/projects/proiect-ip-iot:testIamPermissions [none]
[debug] [2023-06-10T13:20:13.290Z] >>> [apiv2][(partial)header] POST https://cloudresourcemanager.googleapis.com/v1/projects/proiect-ip-iot:testIamPermissions x-goog-quota-user=projects/proiect-ip-iot
[debug] [2023-06-10T13:20:13.290Z] >>> [apiv2][body] POST https://cloudresourcemanager.googleapis.com/v1/projects/proiect-ip-iot:testIamPermissions {"permissions":["cloudfunctions.functions.create","cloudfunctions.functions.delete","cloudfunctions.functions.get","cloudfunctions.functions.list","cloudfunctions.functions.update","cloudfunctions.operations.get","firebase.projects.get"]}
[debug] [2023-06-10T13:20:14.194Z] <<< [apiv2][status] POST https://cloudresourcemanager.googleapis.com/v1/projects/proiect-ip-iot:testIamPermissions 200
[debug] [2023-06-10T13:20:14.194Z] <<< [apiv2][body] POST https://cloudresourcemanager.googleapis.com/v1/projects/proiect-ip-iot:testIamPermissions {"permissions":["cloudfunctions.functions.create","cloudfunctions.functions.delete","cloudfunctions.functions.get","cloudfunctions.functions.list","cloudfunctions.functions.update","cloudfunctions.operations.get","firebase.projects.get"]}
[debug] [2023-06-10T13:20:14.194Z] >>> [apiv2][query] POST https://iam.googleapis.com/v1/projects/proiect-ip-iot/serviceAccounts/proiect-ip-iot@appspot.gserviceaccount.com:testIamPermissions [none]
[debug] [2023-06-10T13:20:14.194Z] >>> [apiv2][body] POST https://iam.googleapis.com/v1/projects/proiect-ip-iot/serviceAccounts/proiect-ip-iot@appspot.gserviceaccount.com:testIamPermissions {"permissions":["iam.serviceAccounts.actAs"]}
[debug] [2023-06-10T13:20:14.515Z] <<< [apiv2][status] POST https://iam.googleapis.com/v1/projects/proiect-ip-iot/serviceAccounts/proiect-ip-iot@appspot.gserviceaccount.com:testIamPermissions 200
[debug] [2023-06-10T13:20:14.515Z] <<< [apiv2][body] POST https://iam.googleapis.com/v1/projects/proiect-ip-iot/serviceAccounts/proiect-ip-iot@appspot.gserviceaccount.com:testIamPermissions {"permissions":["iam.serviceAccounts.actAs"]}
[info] 
[info] === Deploying to 'proiect-ip-iot'...
[info] 
[info] i  deploying functions 
[debug] [2023-06-10T13:20:14.517Z] >>> [apiv2][query] GET https://firebase.googleapis.com/v1beta1/projects/proiect-ip-iot [none]
[debug] [2023-06-10T13:20:14.862Z] <<< [apiv2][status] GET https://firebase.googleapis.com/v1beta1/projects/proiect-ip-iot 200
[debug] [2023-06-10T13:20:14.862Z] <<< [apiv2][body] GET https://firebase.googleapis.com/v1beta1/projects/proiect-ip-iot {"projectId":"proiect-ip-iot","projectNumber":"602472862940","displayName":"Proiect-IP-IoT","name":"projects/proiect-ip-iot","resources":{"hostingSite":"proiect-ip-iot"},"state":"ACTIVE","etag":"1_bc4b6140-2a8f-46a1-a1ff-7d6dd424bf85"}
[info] i  functions: preparing codebase default for deployment 
[info] i  functions: ensuring required API cloudfunctions.googleapis.com is enabled... 
[info] i  functions: ensuring required API cloudbuild.googleapis.com is enabled... 
[info] i  artifactregistry: ensuring required API artifactregistry.googleapis.com is enabled... 
[debug] [2023-06-10T13:20:14.864Z] >>> [apiv2][query] GET https://serviceusage.googleapis.com/v1/projects/proiect-ip-iot/services/cloudfunctions.googleapis.com [none]
[debug] [2023-06-10T13:20:14.864Z] >>> [apiv2][(partial)header] GET https://serviceusage.googleapis.com/v1/projects/proiect-ip-iot/services/cloudfunctions.googleapis.com x-goog-quota-user=projects/proiect-ip-iot
[debug] [2023-06-10T13:20:14.864Z] >>> [apiv2][query] GET https://serviceusage.googleapis.com/v1/projects/proiect-ip-iot/services/runtimeconfig.googleapis.com [none]
[debug] [2023-06-10T13:20:14.865Z] >>> [apiv2][(partial)header] GET https://serviceusage.googleapis.com/v1/projects/proiect-ip-iot/services/runtimeconfig.googleapis.com x-goog-quota-user=projects/proiect-ip-iot
[debug] [2023-06-10T13:20:14.865Z] >>> [apiv2][query] GET https://serviceusage.googleapis.com/v1/projects/proiect-ip-iot/services/cloudbuild.googleapis.com [none]
[debug] [2023-06-10T13:20:14.866Z] >>> [apiv2][(partial)header] GET https://serviceusage.googleapis.com/v1/projects/proiect-ip-iot/services/cloudbuild.googleapis.com x-goog-quota-user=projects/proiect-ip-iot
[debug] [2023-06-10T13:20:14.867Z] >>> [apiv2][query] GET https://serviceusage.googleapis.com/v1/projects/proiect-ip-iot/services/artifactregistry.googleapis.com [none]
[debug] [2023-06-10T13:20:14.867Z] >>> [apiv2][(partial)header] GET https://serviceusage.googleapis.com/v1/projects/proiect-ip-iot/services/artifactregistry.googleapis.com x-goog-quota-user=projects/proiect-ip-iot
[debug] [2023-06-10T13:20:15.870Z] <<< [apiv2][status] GET https://serviceusage.googleapis.com/v1/projects/proiect-ip-iot/services/runtimeconfig.googleapis.com 200
[debug] [2023-06-10T13:20:15.870Z] <<< [apiv2][body] GET https://serviceusage.googleapis.com/v1/projects/proiect-ip-iot/services/runtimeconfig.googleapis.com [omitted]
[debug] [2023-06-10T13:20:15.871Z] <<< [apiv2][status] GET https://serviceusage.googleapis.com/v1/projects/proiect-ip-iot/services/cloudfunctions.googleapis.com 200
[debug] [2023-06-10T13:20:15.871Z] <<< [apiv2][body] GET https://serviceusage.googleapis.com/v1/projects/proiect-ip-iot/services/cloudfunctions.googleapis.com [omitted]
[info] ✔  functions: required API cloudfunctions.googleapis.com is enabled 
[debug] [2023-06-10T13:20:15.872Z] <<< [apiv2][status] GET https://serviceusage.googleapis.com/v1/projects/proiect-ip-iot/services/artifactregistry.googleapis.com 200
[debug] [2023-06-10T13:20:15.872Z] <<< [apiv2][body] GET https://serviceusage.googleapis.com/v1/projects/proiect-ip-iot/services/artifactregistry.googleapis.com [omitted]
[info] ✔  artifactregistry: required API artifactregistry.googleapis.com is enabled 
[debug] [2023-06-10T13:20:15.873Z] <<< [apiv2][status] GET https://serviceusage.googleapis.com/v1/projects/proiect-ip-iot/services/cloudbuild.googleapis.com 200
[debug] [2023-06-10T13:20:15.873Z] <<< [apiv2][body] GET https://serviceusage.googleapis.com/v1/projects/proiect-ip-iot/services/cloudbuild.googleapis.com [omitted]
[info] ✔  functions: required API cloudbuild.googleapis.com is enabled 
[debug] [2023-06-10T13:20:15.873Z] >>> [apiv2][query] GET https://firebase.googleapis.com/v1beta1/projects/proiect-ip-iot/adminSdkConfig [none]
[debug] [2023-06-10T13:20:16.179Z] <<< [apiv2][status] GET https://firebase.googleapis.com/v1beta1/projects/proiect-ip-iot/adminSdkConfig 200
[debug] [2023-06-10T13:20:16.179Z] <<< [apiv2][body] GET https://firebase.googleapis.com/v1beta1/projects/proiect-ip-iot/adminSdkConfig {"projectId":"proiect-ip-iot","storageBucket":"proiect-ip-iot.appspot.com"}
[debug] [2023-06-10T13:20:16.180Z] >>> [apiv2][query] GET https://runtimeconfig.googleapis.com/v1beta1/projects/proiect-ip-iot/configs [none]
[debug] [2023-06-10T13:20:16.530Z] <<< [apiv2][status] GET https://runtimeconfig.googleapis.com/v1beta1/projects/proiect-ip-iot/configs 200
[debug] [2023-06-10T13:20:16.530Z] <<< [apiv2][body] GET https://runtimeconfig.googleapis.com/v1beta1/projects/proiect-ip-iot/configs {}
[debug] [2023-06-10T13:20:16.532Z] Validating nodejs source
[debug] [2023-06-10T13:20:17.810Z] > [functions] package.json contents: {
  "name": "functions",
  "description": "Cloud Functions for Firebase",
  "scripts": {
    "serve": "firebase emulators:start --only functions",
    "shell": "firebase functions:shell",
    "start": "npm run shell",
    "deploy": "firebase deploy --only functions",
    "logs": "firebase functions:log"
  },
  "engines": {
    "node": "16"
  },
  "main": "index.js",
  "dependencies": {
    "firebase-admin": "^11.5.0",
    "firebase-functions": "^4.2.0"
  },
  "devDependencies": {
    "firebase-functions-test": "^3.0.0"
  },
  "private": true
}
[debug] [2023-06-10T13:20:17.811Z] Building nodejs source
[debug] [2023-06-10T13:20:17.812Z] Could not find functions.yaml. Must use http discovery
[debug] [2023-06-10T13:20:17.819Z] Found firebase-functions binary at '/Users/alexandrugaita/Documents/faculta/react-web/functions/node_modules/.bin/firebase-functions'
[debug] [2023-06-10T13:20:17.927Z] Serving at port 8007

[debug] [2023-06-10T13:20:18.072Z] Got response from /__/functions.yaml {"endpoints":{"helloWorld":{"platform":"gcfv1","availableMemoryMb":null,"timeoutSeconds":null,"minInstances":null,"maxInstances":null,"ingressSettings":null,"serviceAccountEmail":null,"vpc":null,"httpsTrigger":{},"entryPoint":"helloWorld"}},"specVersion":"v1alpha1","requiredAPIs":[]}
[debug] [2023-06-10T13:20:18.075Z] shutdown requested via /__/quitquitquit

[info] i  functions: preparing functions directory for uploading... 
[info] i  functions: packaged /Users/alexandrugaita/Documents/faculta/react-web/functions (125.67 KB) for uploading 
[debug] [2023-06-10T13:20:18.099Z] >>> [apiv2][query] GET https://cloudfunctions.googleapis.com/v1/projects/proiect-ip-iot/locations/-/functions [none]
[debug] [2023-06-10T13:20:19.083Z] <<< [apiv2][status] GET https://cloudfunctions.googleapis.com/v1/projects/proiect-ip-iot/locations/-/functions 200
[debug] [2023-06-10T13:20:19.083Z] <<< [apiv2][body] GET https://cloudfunctions.googleapis.com/v1/projects/proiect-ip-iot/locations/-/functions {"functions":[{"name":"projects/proiect-ip-iot/locations/us-central1/functions/helloWorld","httpsTrigger":{"url":"https://us-central1-proiect-ip-iot.cloudfunctions.net/helloWorld","securityLevel":"SECURE_ALWAYS"},"status":"ACTIVE","entryPoint":"helloWorld","timeout":"60s","availableMemoryMb":256,"serviceAccountEmail":"proiect-ip-iot@appspot.gserviceaccount.com","updateTime":"2023-06-10T12:52:40.103Z","versionId":"8","labels":{"deployment-tool":"cli-firebase","firebase-functions-hash":"26634efd2938714fff953c6414bfa0fd12496f15"},"sourceUploadUrl":"https://storage.googleapis.com/uploads-235091919604.us-central1.cloudfunctions.appspot.com/3d5269f4-400b-4e05-89f5-c3f869ea102e.zip","environmentVariables":{"FIREBASE_CONFIG":"{\"projectId\":\"proiect-ip-iot\",\"storageBucket\":\"proiect-ip-iot.appspot.com\"}","GCLOUD_PROJECT":"proiect-ip-iot","EVENTARC_CLOUD_EVENT_SOURCE":"projects/proiect-ip-iot/locations/us-central1/functions/helloWorld"},"runtime":"nodejs16","ingressSettings":"ALLOW_ALL","buildId":"8aac2351-21b9-4dc9-bbc0-839951247247","buildName":"projects/602472862940/locations/us-central1/builds/8aac2351-21b9-4dc9-bbc0-839951247247","dockerRegistry":"ARTIFACT_REGISTRY"}]}
[debug] [2023-06-10T13:20:19.086Z] >>> [apiv2][query] GET https://cloudfunctions.googleapis.com/v2/projects/proiect-ip-iot/locations/-/functions filter=environment%3D%22GEN_2%22
[debug] [2023-06-10T13:20:20.184Z] <<< [apiv2][status] GET https://cloudfunctions.googleapis.com/v2/projects/proiect-ip-iot/locations/-/functions 200
[debug] [2023-06-10T13:20:20.185Z] <<< [apiv2][body] GET https://cloudfunctions.googleapis.com/v2/projects/proiect-ip-iot/locations/-/functions {}
[debug] [2023-06-10T13:20:20.190Z] >>> [apiv2][query] GET https://firebase.googleapis.com/v1beta1/projects/proiect-ip-iot [none]
[debug] [2023-06-10T13:20:20.506Z] <<< [apiv2][status] GET https://firebase.googleapis.com/v1beta1/projects/proiect-ip-iot 200
[debug] [2023-06-10T13:20:20.507Z] <<< [apiv2][body] GET https://firebase.googleapis.com/v1beta1/projects/proiect-ip-iot {"projectId":"proiect-ip-iot","projectNumber":"602472862940","displayName":"Proiect-IP-IoT","name":"projects/proiect-ip-iot","resources":{"hostingSite":"proiect-ip-iot"},"state":"ACTIVE","etag":"1_bc4b6140-2a8f-46a1-a1ff-7d6dd424bf85"}
[debug] [2023-06-10T13:20:20.509Z] >>> [apiv2][query] POST https://cloudfunctions.googleapis.com/v1/projects/proiect-ip-iot/locations/us-central1/functions:generateUploadUrl [none]
[debug] [2023-06-10T13:20:20.509Z] >>> [apiv2][body] POST https://cloudfunctions.googleapis.com/v1/projects/proiect-ip-iot/locations/us-central1/functions:generateUploadUrl {}
[debug] [2023-06-10T13:20:21.165Z] <<< [apiv2][status] POST https://cloudfunctions.googleapis.com/v1/projects/proiect-ip-iot/locations/us-central1/functions:generateUploadUrl 200
[debug] [2023-06-10T13:20:21.165Z] <<< [apiv2][body] POST https://cloudfunctions.googleapis.com/v1/projects/proiect-ip-iot/locations/us-central1/functions:generateUploadUrl {"uploadUrl":"https://storage.googleapis.com/uploads-235091919604.us-central1.cloudfunctions.appspot.com/27cd2e48-d0bb-43dc-bc2a-2c736a3c0682.zip?GoogleAccessId=service-602472862940@gcf-admin-robot.iam.gserviceaccount.com&Expires=1686405021&Signature=OkLa3x9HiWaU%2BEmzrmoJik0Hdx32h3u1Gkb4wq1P2lShfPHfidTWq8oktvXCZJC%2FLcBAPLnYA78OXzkToRtuvUJPgLczpttF44UCvmuFjOa0S5lbkt9eif%2Bu9UCd2XgsptUqIYWAwC8IVJnGmVAd%2F7dndWf9rzBcnqCWA1oeW3JcuuDJJDhGNJi3tflcxgppfOs%2BFM3l1lmH53UI3ED8NEQDPIyOCpO64Ljdyg6gVgidVby2Kds84mw%2B1KI%2FOJL3IjaQTVT6vFGFIn6%2Buhl8EUfaBC6D7Y3A0TuXmTEzjrPJqkz2GsSQ8t2VEVQa5%2BynePEDQbrKjfPFQwV0MCtkLg%3D%3D"}
[debug] [2023-06-10T13:20:21.166Z] >>> [apiv2][query] PUT https://storage.googleapis.com/uploads-235091919604.us-central1.cloudfunctions.appspot.com/27cd2e48-d0bb-43dc-bc2a-2c736a3c0682.zip GoogleAccessId=service-602472862940%40gcf-admin-robot.iam.gserviceaccount.com&Expires=1686405021&Signature=OkLa3x9HiWaU%2BEmzrmoJik0Hdx32h3u1Gkb4wq1P2lShfPHfidTWq8oktvXCZJC%2FLcBAPLnYA78OXzkToRtuvUJPgLczpttF44UCvmuFjOa0S5lbkt9eif%2Bu9UCd2XgsptUqIYWAwC8IVJnGmVAd%2F7dndWf9rzBcnqCWA1oeW3JcuuDJJDhGNJi3tflcxgppfOs%2BFM3l1lmH53UI3ED8NEQDPIyOCpO64Ljdyg6gVgidVby2Kds84mw%2B1KI%2FOJL3IjaQTVT6vFGFIn6%2Buhl8EUfaBC6D7Y3A0TuXmTEzjrPJqkz2GsSQ8t2VEVQa5%2BynePEDQbrKjfPFQwV0MCtkLg%3D%3D
[debug] [2023-06-10T13:20:21.166Z] >>> [apiv2][body] PUT https://storage.googleapis.com/uploads-235091919604.us-central1.cloudfunctions.appspot.com/27cd2e48-d0bb-43dc-bc2a-2c736a3c0682.zip [stream]
[debug] [2023-06-10T13:20:21.956Z] <<< [apiv2][status] PUT https://storage.googleapis.com/uploads-235091919604.us-central1.cloudfunctions.appspot.com/27cd2e48-d0bb-43dc-bc2a-2c736a3c0682.zip 200
[debug] [2023-06-10T13:20:21.957Z] <<< [apiv2][body] PUT https://storage.googleapis.com/uploads-235091919604.us-central1.cloudfunctions.appspot.com/27cd2e48-d0bb-43dc-bc2a-2c736a3c0682.zip [omitted]
[info] ✔  functions: functions folder uploaded successfully 
[info] i  functions: updating Node.js 16 function helloWorld(us-central1)... 
[debug] [2023-06-10T13:20:21.964Z] >>> [apiv2][query] PATCH https://cloudfunctions.googleapis.com/v1/projects/proiect-ip-iot/locations/us-central1/functions/helloWorld updateMask=name%2CsourceUploadUrl%2CentryPoint%2Cruntime%2CdockerRegistry%2Clabels%2ChttpsTrigger.securityLevel%2CminInstances%2CmaxInstances%2CingressSettings%2CenvironmentVariables%2CserviceAccountEmail%2CavailableMemoryMb%2Ctimeout%2CvpcConnector%2CvpcConnectorEgressSettings%2CsourceToken
[debug] [2023-06-10T13:20:21.964Z] >>> [apiv2][body] PATCH https://cloudfunctions.googleapis.com/v1/projects/proiect-ip-iot/locations/us-central1/functions/helloWorld {"name":"projects/proiect-ip-iot/locations/us-central1/functions/helloWorld","sourceUploadUrl":"https://storage.googleapis.com/uploads-235091919604.us-central1.cloudfunctions.appspot.com/27cd2e48-d0bb-43dc-bc2a-2c736a3c0682.zip?GoogleAccessId=service-602472862940@gcf-admin-robot.iam.gserviceaccount.com&Expires=1686405021&Signature=OkLa3x9HiWaU%2BEmzrmoJik0Hdx32h3u1Gkb4wq1P2lShfPHfidTWq8oktvXCZJC%2FLcBAPLnYA78OXzkToRtuvUJPgLczpttF44UCvmuFjOa0S5lbkt9eif%2Bu9UCd2XgsptUqIYWAwC8IVJnGmVAd%2F7dndWf9rzBcnqCWA1oeW3JcuuDJJDhGNJi3tflcxgppfOs%2BFM3l1lmH53UI3ED8NEQDPIyOCpO64Ljdyg6gVgidVby2Kds84mw%2B1KI%2FOJL3IjaQTVT6vFGFIn6%2Buhl8EUfaBC6D7Y3A0TuXmTEzjrPJqkz2GsSQ8t2VEVQa5%2BynePEDQbrKjfPFQwV0MCtkLg%3D%3D","entryPoint":"helloWorld","runtime":"nodejs16","dockerRegistry":"ARTIFACT_REGISTRY","labels":{"deployment-tool":"cli-firebase","firebase-functions-hash":"034043e468fa6fd689dcd018e315ef886d4371d6"},"httpsTrigger":{"securityLevel":"SECURE_ALWAYS"},"minInstances":null,"maxInstances":null,"ingressSettings":null,"environmentVariables":{"FIREBASE_CONFIG":"{\"projectId\":\"proiect-ip-iot\",\"storageBucket\":\"proiect-ip-iot.appspot.com\"}","GCLOUD_PROJECT":"proiect-ip-iot","EVENTARC_CLOUD_EVENT_SOURCE":"projects/proiect-ip-iot/locations/us-central1/functions/helloWorld"},"serviceAccountEmail":null,"availableMemoryMb":null,"timeout":null,"vpcConnector":null,"vpcConnectorEgressSettings":null}
[debug] [2023-06-10T13:20:22.599Z] <<< [apiv2][status] PATCH https://cloudfunctions.googleapis.com/v1/projects/proiect-ip-iot/locations/us-central1/functions/helloWorld 200
[debug] [2023-06-10T13:20:22.599Z] <<< [apiv2][body] PATCH https://cloudfunctions.googleapis.com/v1/projects/proiect-ip-iot/locations/us-central1/functions/helloWorld {"name":"operations/cHJvaWVjdC1pcC1pb3QvdXMtY2VudHJhbDEvaGVsbG9Xb3JsZC9DWFR3bTMzbkhRMA","metadata":{"@type":"type.googleapis.com/google.cloud.functions.v1.OperationMetadataV1","target":"projects/proiect-ip-iot/locations/us-central1/functions/helloWorld","type":"UPDATE_FUNCTION","request":{"@type":"type.googleapis.com/google.cloud.functions.v1.CloudFunction","name":"projects/proiect-ip-iot/locations/us-central1/functions/helloWorld","httpsTrigger":{"url":"https://us-central1-proiect-ip-iot.cloudfunctions.net/helloWorld","securityLevel":"SECURE_ALWAYS"},"status":"ACTIVE","entryPoint":"helloWorld","updateTime":"2023-06-10T12:52:40.103Z","versionId":"8","labels":{"deployment-tool":"cli-firebase","firebase-functions-hash":"034043e468fa6fd689dcd018e315ef886d4371d6"},"sourceUploadUrl":"https://storage.googleapis.com/uploads-235091919604.us-central1.cloudfunctions.appspot.com/27cd2e48-d0bb-43dc-bc2a-2c736a3c0682.zip?GoogleAccessId=service-602472862940@gcf-admin-robot.iam.gserviceaccount.com&Expires=1686405021&Signature=OkLa3x9HiWaU%2BEmzrmoJik0Hdx32h3u1Gkb4wq1P2lShfPHfidTWq8oktvXCZJC%2FLcBAPLnYA78OXzkToRtuvUJPgLczpttF44UCvmuFjOa0S5lbkt9eif%2Bu9UCd2XgsptUqIYWAwC8IVJnGmVAd%2F7dndWf9rzBcnqCWA1oeW3JcuuDJJDhGNJi3tflcxgppfOs%2BFM3l1lmH53UI3ED8NEQDPIyOCpO64Ljdyg6gVgidVby2Kds84mw%2B1KI%2FOJL3IjaQTVT6vFGFIn6%2Buhl8EUfaBC6D7Y3A0TuXmTEzjrPJqkz2GsSQ8t2VEVQa5%2BynePEDQbrKjfPFQwV0MCtkLg%3D%3D","environmentVariables":{"FIREBASE_CONFIG":"{\"projectId\":\"proiect-ip-iot\",\"storageBucket\":\"proiect-ip-iot.appspot.com\"}","GCLOUD_PROJECT":"proiect-ip-iot","EVENTARC_CLOUD_EVENT_SOURCE":"projects/proiect-ip-iot/locations/us-central1/functions/helloWorld"},"runtime":"nodejs16","buildId":"8aac2351-21b9-4dc9-bbc0-839951247247","buildName":"projects/602472862940/locations/us-central1/builds/8aac2351-21b9-4dc9-bbc0-839951247247","dockerRegistry":"ARTIFACT_REGISTRY"},"versionId":"9","updateTime":"2023-06-10T13:20:22Z"}}
[debug] [2023-06-10T13:20:22.601Z] >>> [apiv2][query] GET https://cloudfunctions.googleapis.com/v1/operations/cHJvaWVjdC1pcC1pb3QvdXMtY2VudHJhbDEvaGVsbG9Xb3JsZC9DWFR3bTMzbkhRMA [none]
[debug] [2023-06-10T13:20:22.910Z] <<< [apiv2][status] GET https://cloudfunctions.googleapis.com/v1/operations/cHJvaWVjdC1pcC1pb3QvdXMtY2VudHJhbDEvaGVsbG9Xb3JsZC9DWFR3bTMzbkhRMA 200
[debug] [2023-06-10T13:20:22.910Z] <<< [apiv2][body] GET https://cloudfunctions.googleapis.com/v1/operations/cHJvaWVjdC1pcC1pb3QvdXMtY2VudHJhbDEvaGVsbG9Xb3JsZC9DWFR3bTMzbkhRMA {"name":"operations/cHJvaWVjdC1pcC1pb3QvdXMtY2VudHJhbDEvaGVsbG9Xb3JsZC9DWFR3bTMzbkhRMA","metadata":{"@type":"type.googleapis.com/google.cloud.functions.v1.OperationMetadataV1","target":"projects/proiect-ip-iot/locations/us-central1/functions/helloWorld","type":"UPDATE_FUNCTION","request":{"@type":"type.googleapis.com/google.cloud.functions.v1.CloudFunction","name":"projects/proiect-ip-iot/locations/us-central1/functions/helloWorld","httpsTrigger":{"url":"https://us-central1-proiect-ip-iot.cloudfunctions.net/helloWorld","securityLevel":"SECURE_ALWAYS"},"status":"ACTIVE","entryPoint":"helloWorld","updateTime":"2023-06-10T12:52:40.103Z","versionId":"8","labels":{"deployment-tool":"cli-firebase","firebase-functions-hash":"034043e468fa6fd689dcd018e315ef886d4371d6"},"sourceUploadUrl":"https://storage.googleapis.com/uploads-235091919604.us-central1.cloudfunctions.appspot.com/27cd2e48-d0bb-43dc-bc2a-2c736a3c0682.zip?GoogleAccessId=service-602472862940@gcf-admin-robot.iam.gserviceaccount.com&Expires=1686405021&Signature=OkLa3x9HiWaU%2BEmzrmoJik0Hdx32h3u1Gkb4wq1P2lShfPHfidTWq8oktvXCZJC%2FLcBAPLnYA78OXzkToRtuvUJPgLczpttF44UCvmuFjOa0S5lbkt9eif%2Bu9UCd2XgsptUqIYWAwC8IVJnGmVAd%2F7dndWf9rzBcnqCWA1oeW3JcuuDJJDhGNJi3tflcxgppfOs%2BFM3l1lmH53UI3ED8NEQDPIyOCpO64Ljdyg6gVgidVby2Kds84mw%2B1KI%2FOJL3IjaQTVT6vFGFIn6%2Buhl8EUfaBC6D7Y3A0TuXmTEzjrPJqkz2GsSQ8t2VEVQa5%2BynePEDQbrKjfPFQwV0MCtkLg%3D%3D","environmentVariables":{"FIREBASE_CONFIG":"{\"projectId\":\"proiect-ip-iot\",\"storageBucket\":\"proiect-ip-iot.appspot.com\"}","GCLOUD_PROJECT":"proiect-ip-iot","EVENTARC_CLOUD_EVENT_SOURCE":"projects/proiect-ip-iot/locations/us-central1/functions/helloWorld"},"runtime":"nodejs16","buildId":"8aac2351-21b9-4dc9-bbc0-839951247247","buildName":"projects/602472862940/locations/us-central1/builds/8aac2351-21b9-4dc9-bbc0-839951247247","dockerRegistry":"ARTIFACT_REGISTRY"},"versionId":"9","updateTime":"2023-06-10T13:20:22Z"}}
[debug] [2023-06-10T13:20:23.412Z] [update-default-us-central1-helloWorld] Retrying task index 0
[debug] [2023-06-10T13:20:23.413Z] >>> [apiv2][query] GET https://cloudfunctions.googleapis.com/v1/operations/cHJvaWVjdC1pcC1pb3QvdXMtY2VudHJhbDEvaGVsbG9Xb3JsZC9DWFR3bTMzbkhRMA [none]
[debug] [2023-06-10T13:20:23.712Z] <<< [apiv2][status] GET https://cloudfunctions.googleapis.com/v1/operations/cHJvaWVjdC1pcC1pb3QvdXMtY2VudHJhbDEvaGVsbG9Xb3JsZC9DWFR3bTMzbkhRMA 200
[debug] [2023-06-10T13:20:23.712Z] <<< [apiv2][body] GET https://cloudfunctions.googleapis.com/v1/operations/cHJvaWVjdC1pcC1pb3QvdXMtY2VudHJhbDEvaGVsbG9Xb3JsZC9DWFR3bTMzbkhRMA {"name":"operations/cHJvaWVjdC1pcC1pb3QvdXMtY2VudHJhbDEvaGVsbG9Xb3JsZC9DWFR3bTMzbkhRMA","metadata":{"@type":"type.googleapis.com/google.cloud.functions.v1.OperationMetadataV1","target":"projects/proiect-ip-iot/locations/us-central1/functions/helloWorld","type":"UPDATE_FUNCTION","request":{"@type":"type.googleapis.com/google.cloud.functions.v1.CloudFunction","name":"projects/proiect-ip-iot/locations/us-central1/functions/helloWorld","httpsTrigger":{"url":"https://us-central1-proiect-ip-iot.cloudfunctions.net/helloWorld","securityLevel":"SECURE_ALWAYS"},"status":"ACTIVE","entryPoint":"helloWorld","updateTime":"2023-06-10T12:52:40.103Z","versionId":"8","labels":{"deployment-tool":"cli-firebase","firebase-functions-hash":"034043e468fa6fd689dcd018e315ef886d4371d6"},"sourceUploadUrl":"https://storage.googleapis.com/uploads-235091919604.us-central1.cloudfunctions.appspot.com/27cd2e48-d0bb-43dc-bc2a-2c736a3c0682.zip?GoogleAccessId=service-602472862940@gcf-admin-robot.iam.gserviceaccount.com&Expires=1686405021&Signature=OkLa3x9HiWaU%2BEmzrmoJik0Hdx32h3u1Gkb4wq1P2lShfPHfidTWq8oktvXCZJC%2FLcBAPLnYA78OXzkToRtuvUJPgLczpttF44UCvmuFjOa0S5lbkt9eif%2Bu9UCd2XgsptUqIYWAwC8IVJnGmVAd%2F7dndWf9rzBcnqCWA1oeW3JcuuDJJDhGNJi3tflcxgppfOs%2BFM3l1lmH53UI3ED8NEQDPIyOCpO64Ljdyg6gVgidVby2Kds84mw%2B1KI%2FOJL3IjaQTVT6vFGFIn6%2Buhl8EUfaBC6D7Y3A0TuXmTEzjrPJqkz2GsSQ8t2VEVQa5%2BynePEDQbrKjfPFQwV0MCtkLg%3D%3D","environmentVariables":{"FIREBASE_CONFIG":"{\"projectId\":\"proiect-ip-iot\",\"storageBucket\":\"proiect-ip-iot.appspot.com\"}","GCLOUD_PROJECT":"proiect-ip-iot","EVENTARC_CLOUD_EVENT_SOURCE":"projects/proiect-ip-iot/locations/us-central1/functions/helloWorld"},"runtime":"nodejs16","buildId":"8aac2351-21b9-4dc9-bbc0-839951247247","buildName":"projects/602472862940/locations/us-central1/builds/8aac2351-21b9-4dc9-bbc0-839951247247","dockerRegistry":"ARTIFACT_REGISTRY"},"versionId":"9","updateTime":"2023-06-10T13:20:22Z","buildId":"70bc41e4-960a-46a3-94df-bfc1734594a7","buildName":"projects/602472862940/locations/us-central1/builds/70bc41e4-960a-46a3-94df-bfc1734594a7"}}
[debug] [2023-06-10T13:20:24.714Z] [update-default-us-central1-helloWorld] Retrying task index 0
[debug] [2023-06-10T13:20:24.716Z] >>> [apiv2][query] GET https://cloudfunctions.googleapis.com/v1/operations/cHJvaWVjdC1pcC1pb3QvdXMtY2VudHJhbDEvaGVsbG9Xb3JsZC9DWFR3bTMzbkhRMA [none]
[debug] [2023-06-10T13:20:25.053Z] <<< [apiv2][status] GET https://cloudfunctions.googleapis.com/v1/operations/cHJvaWVjdC1pcC1pb3QvdXMtY2VudHJhbDEvaGVsbG9Xb3JsZC9DWFR3bTMzbkhRMA 200
[debug] [2023-06-10T13:20:25.053Z] <<< [apiv2][body] GET https://cloudfunctions.googleapis.com/v1/operations/cHJvaWVjdC1pcC1pb3QvdXMtY2VudHJhbDEvaGVsbG9Xb3JsZC9DWFR3bTMzbkhRMA {"name":"operations/cHJvaWVjdC1pcC1pb3QvdXMtY2VudHJhbDEvaGVsbG9Xb3JsZC9DWFR3bTMzbkhRMA","metadata":{"@type":"type.googleapis.com/google.cloud.functions.v1.OperationMetadataV1","target":"projects/proiect-ip-iot/locations/us-central1/functions/helloWorld","type":"UPDATE_FUNCTION","request":{"@type":"type.googleapis.com/google.cloud.functions.v1.CloudFunction","name":"projects/proiect-ip-iot/locations/us-central1/functions/helloWorld","httpsTrigger":{"url":"https://us-central1-proiect-ip-iot.cloudfunctions.net/helloWorld","securityLevel":"SECURE_ALWAYS"},"status":"ACTIVE","entryPoint":"helloWorld","updateTime":"2023-06-10T12:52:40.103Z","versionId":"8","labels":{"deployment-tool":"cli-firebase","firebase-functions-hash":"034043e468fa6fd689dcd018e315ef886d4371d6"},"sourceUploadUrl":"https://storage.googleapis.com/uploads-235091919604.us-central1.cloudfunctions.appspot.com/27cd2e48-d0bb-43dc-bc2a-2c736a3c0682.zip?GoogleAccessId=service-602472862940@gcf-admin-robot.iam.gserviceaccount.com&Expires=1686405021&Signature=OkLa3x9HiWaU%2BEmzrmoJik0Hdx32h3u1Gkb4wq1P2lShfPHfidTWq8oktvXCZJC%2FLcBAPLnYA78OXzkToRtuvUJPgLczpttF44UCvmuFjOa0S5lbkt9eif%2Bu9UCd2XgsptUqIYWAwC8IVJnGmVAd%2F7dndWf9rzBcnqCWA1oeW3JcuuDJJDhGNJi3tflcxgppfOs%2BFM3l1lmH53UI3ED8NEQDPIyOCpO64Ljdyg6gVgidVby2Kds84mw%2B1KI%2FOJL3IjaQTVT6vFGFIn6%2Buhl8EUfaBC6D7Y3A0TuXmTEzjrPJqkz2GsSQ8t2VEVQa5%2BynePEDQbrKjfPFQwV0MCtkLg%3D%3D","environmentVariables":{"FIREBASE_CONFIG":"{\"projectId\":\"proiect-ip-iot\",\"storageBucket\":\"proiect-ip-iot.appspot.com\"}","GCLOUD_PROJECT":"proiect-ip-iot","EVENTARC_CLOUD_EVENT_SOURCE":"projects/proiect-ip-iot/locations/us-central1/functions/helloWorld"},"runtime":"nodejs16","buildId":"8aac2351-21b9-4dc9-bbc0-839951247247","buildName":"projects/602472862940/locations/us-central1/builds/8aac2351-21b9-4dc9-bbc0-839951247247","dockerRegistry":"ARTIFACT_REGISTRY"},"versionId":"9","updateTime":"2023-06-10T13:20:22Z","buildId":"70bc41e4-960a-46a3-94df-bfc1734594a7","buildName":"projects/602472862940/locations/us-central1/builds/70bc41e4-960a-46a3-94df-bfc1734594a7"}}
[debug] [2023-06-10T13:20:27.055Z] [update-default-us-central1-helloWorld] Retrying task index 0
[debug] [2023-06-10T13:20:27.057Z] >>> [apiv2][query] GET https://cloudfunctions.googleapis.com/v1/operations/cHJvaWVjdC1pcC1pb3QvdXMtY2VudHJhbDEvaGVsbG9Xb3JsZC9DWFR3bTMzbkhRMA [none]
[debug] [2023-06-10T13:20:27.412Z] <<< [apiv2][status] GET https://cloudfunctions.googleapis.com/v1/operations/cHJvaWVjdC1pcC1pb3QvdXMtY2VudHJhbDEvaGVsbG9Xb3JsZC9DWFR3bTMzbkhRMA 200
[debug] [2023-06-10T13:20:27.412Z] <<< [apiv2][body] GET https://cloudfunctions.googleapis.com/v1/operations/cHJvaWVjdC1pcC1pb3QvdXMtY2VudHJhbDEvaGVsbG9Xb3JsZC9DWFR3bTMzbkhRMA {"name":"operations/cHJvaWVjdC1pcC1pb3QvdXMtY2VudHJhbDEvaGVsbG9Xb3JsZC9DWFR3bTMzbkhRMA","metadata":{"@type":"type.googleapis.com/google.cloud.functions.v1.OperationMetadataV1","target":"projects/proiect-ip-iot/locations/us-central1/functions/helloWorld","type":"UPDATE_FUNCTION","request":{"@type":"type.googleapis.com/google.cloud.functions.v1.CloudFunction","name":"projects/proiect-ip-iot/locations/us-central1/functions/helloWorld","httpsTrigger":{"url":"https://us-central1-proiect-ip-iot.cloudfunctions.net/helloWorld","securityLevel":"SECURE_ALWAYS"},"status":"ACTIVE","entryPoint":"helloWorld","updateTime":"2023-06-10T12:52:40.103Z","versionId":"8","labels":{"deployment-tool":"cli-firebase","firebase-functions-hash":"034043e468fa6fd689dcd018e315ef886d4371d6"},"sourceUploadUrl":"https://storage.googleapis.com/uploads-235091919604.us-central1.cloudfunctions.appspot.com/27cd2e48-d0bb-43dc-bc2a-2c736a3c0682.zip?GoogleAccessId=service-602472862940@gcf-admin-robot.iam.gserviceaccount.com&Expires=1686405021&Signature=OkLa3x9HiWaU%2BEmzrmoJik0Hdx32h3u1Gkb4wq1P2lShfPHfidTWq8oktvXCZJC%2FLcBAPLnYA78OXzkToRtuvUJPgLczpttF44UCvmuFjOa0S5lbkt9eif%2Bu9UCd2XgsptUqIYWAwC8IVJnGmVAd%2F7dndWf9rzBcnqCWA1oeW3JcuuDJJDhGNJi3tflcxgppfOs%2BFM3l1lmH53UI3ED8NEQDPIyOCpO64Ljdyg6gVgidVby2Kds84mw%2B1KI%2FOJL3IjaQTVT6vFGFIn6%2Buhl8EUfaBC6D7Y3A0TuXmTEzjrPJqkz2GsSQ8t2VEVQa5%2BynePEDQbrKjfPFQwV0MCtkLg%3D%3D","environmentVariables":{"FIREBASE_CONFIG":"{\"projectId\":\"proiect-ip-iot\",\"storageBucket\":\"proiect-ip-iot.appspot.com\"}","GCLOUD_PROJECT":"proiect-ip-iot","EVENTARC_CLOUD_EVENT_SOURCE":"projects/proiect-ip-iot/locations/us-central1/functions/helloWorld"},"runtime":"nodejs16","buildId":"8aac2351-21b9-4dc9-bbc0-839951247247","buildName":"projects/602472862940/locations/us-central1/builds/8aac2351-21b9-4dc9-bbc0-839951247247","dockerRegistry":"ARTIFACT_REGISTRY"},"versionId":"9","updateTime":"2023-06-10T13:20:22Z","buildId":"70bc41e4-960a-46a3-94df-bfc1734594a7","buildName":"projects/602472862940/locations/us-central1/builds/70bc41e4-960a-46a3-94df-bfc1734594a7"}}
[debug] [2023-06-10T13:20:31.413Z] [update-default-us-central1-helloWorld] Retrying task index 0
[debug] [2023-06-10T13:20:31.414Z] >>> [apiv2][query] GET https://cloudfunctions.googleapis.com/v1/operations/cHJvaWVjdC1pcC1pb3QvdXMtY2VudHJhbDEvaGVsbG9Xb3JsZC9DWFR3bTMzbkhRMA [none]
[debug] [2023-06-10T13:20:31.709Z] <<< [apiv2][status] GET https://cloudfunctions.googleapis.com/v1/operations/cHJvaWVjdC1pcC1pb3QvdXMtY2VudHJhbDEvaGVsbG9Xb3JsZC9DWFR3bTMzbkhRMA 200
[debug] [2023-06-10T13:20:31.709Z] <<< [apiv2][body] GET https://cloudfunctions.googleapis.com/v1/operations/cHJvaWVjdC1pcC1pb3QvdXMtY2VudHJhbDEvaGVsbG9Xb3JsZC9DWFR3bTMzbkhRMA {"name":"operations/cHJvaWVjdC1pcC1pb3QvdXMtY2VudHJhbDEvaGVsbG9Xb3JsZC9DWFR3bTMzbkhRMA","metadata":{"@type":"type.googleapis.com/google.cloud.functions.v1.OperationMetadataV1","target":"projects/proiect-ip-iot/locations/us-central1/functions/helloWorld","type":"UPDATE_FUNCTION","request":{"@type":"type.googleapis.com/google.cloud.functions.v1.CloudFunction","name":"projects/proiect-ip-iot/locations/us-central1/functions/helloWorld","httpsTrigger":{"url":"https://us-central1-proiect-ip-iot.cloudfunctions.net/helloWorld","securityLevel":"SECURE_ALWAYS"},"status":"ACTIVE","entryPoint":"helloWorld","updateTime":"2023-06-10T12:52:40.103Z","versionId":"8","labels":{"deployment-tool":"cli-firebase","firebase-functions-hash":"034043e468fa6fd689dcd018e315ef886d4371d6"},"sourceUploadUrl":"https://storage.googleapis.com/uploads-235091919604.us-central1.cloudfunctions.appspot.com/27cd2e48-d0bb-43dc-bc2a-2c736a3c0682.zip?GoogleAccessId=service-602472862940@gcf-admin-robot.iam.gserviceaccount.com&Expires=1686405021&Signature=OkLa3x9HiWaU%2BEmzrmoJik0Hdx32h3u1Gkb4wq1P2lShfPHfidTWq8oktvXCZJC%2FLcBAPLnYA78OXzkToRtuvUJPgLczpttF44UCvmuFjOa0S5lbkt9eif%2Bu9UCd2XgsptUqIYWAwC8IVJnGmVAd%2F7dndWf9rzBcnqCWA1oeW3JcuuDJJDhGNJi3tflcxgppfOs%2BFM3l1lmH53UI3ED8NEQDPIyOCpO64Ljdyg6gVgidVby2Kds84mw%2B1KI%2FOJL3IjaQTVT6vFGFIn6%2Buhl8EUfaBC6D7Y3A0TuXmTEzjrPJqkz2GsSQ8t2VEVQa5%2BynePEDQbrKjfPFQwV0MCtkLg%3D%3D","environmentVariables":{"FIREBASE_CONFIG":"{\"projectId\":\"proiect-ip-iot\",\"storageBucket\":\"proiect-ip-iot.appspot.com\"}","GCLOUD_PROJECT":"proiect-ip-iot","EVENTARC_CLOUD_EVENT_SOURCE":"projects/proiect-ip-iot/locations/us-central1/functions/helloWorld"},"runtime":"nodejs16","buildId":"8aac2351-21b9-4dc9-bbc0-839951247247","buildName":"projects/602472862940/locations/us-central1/builds/8aac2351-21b9-4dc9-bbc0-839951247247","dockerRegistry":"ARTIFACT_REGISTRY"},"versionId":"9","updateTime":"2023-06-10T13:20:22Z","buildId":"70bc41e4-960a-46a3-94df-bfc1734594a7","buildName":"projects/602472862940/locations/us-central1/builds/70bc41e4-960a-46a3-94df-bfc1734594a7"}}
[debug] [2023-06-10T13:20:39.712Z] [update-default-us-central1-helloWorld] Retrying task index 0
[debug] [2023-06-10T13:20:39.719Z] >>> [apiv2][query] GET https://cloudfunctions.googleapis.com/v1/operations/cHJvaWVjdC1pcC1pb3QvdXMtY2VudHJhbDEvaGVsbG9Xb3JsZC9DWFR3bTMzbkhRMA [none]
[debug] [2023-06-10T13:20:40.059Z] <<< [apiv2][status] GET https://cloudfunctions.googleapis.com/v1/operations/cHJvaWVjdC1pcC1pb3QvdXMtY2VudHJhbDEvaGVsbG9Xb3JsZC9DWFR3bTMzbkhRMA 200
[debug] [2023-06-10T13:20:40.059Z] <<< [apiv2][body] GET https://cloudfunctions.googleapis.com/v1/operations/cHJvaWVjdC1pcC1pb3QvdXMtY2VudHJhbDEvaGVsbG9Xb3JsZC9DWFR3bTMzbkhRMA {"name":"operations/cHJvaWVjdC1pcC1pb3QvdXMtY2VudHJhbDEvaGVsbG9Xb3JsZC9DWFR3bTMzbkhRMA","metadata":{"@type":"type.googleapis.com/google.cloud.functions.v1.OperationMetadataV1","target":"projects/proiect-ip-iot/locations/us-central1/functions/helloWorld","type":"UPDATE_FUNCTION","request":{"@type":"type.googleapis.com/google.cloud.functions.v1.CloudFunction","name":"projects/proiect-ip-iot/locations/us-central1/functions/helloWorld","httpsTrigger":{"url":"https://us-central1-proiect-ip-iot.cloudfunctions.net/helloWorld","securityLevel":"SECURE_ALWAYS"},"status":"ACTIVE","entryPoint":"helloWorld","updateTime":"2023-06-10T12:52:40.103Z","versionId":"8","labels":{"deployment-tool":"cli-firebase","firebase-functions-hash":"034043e468fa6fd689dcd018e315ef886d4371d6"},"sourceUploadUrl":"https://storage.googleapis.com/uploads-235091919604.us-central1.cloudfunctions.appspot.com/27cd2e48-d0bb-43dc-bc2a-2c736a3c0682.zip?GoogleAccessId=service-602472862940@gcf-admin-robot.iam.gserviceaccount.com&Expires=1686405021&Signature=OkLa3x9HiWaU%2BEmzrmoJik0Hdx32h3u1Gkb4wq1P2lShfPHfidTWq8oktvXCZJC%2FLcBAPLnYA78OXzkToRtuvUJPgLczpttF44UCvmuFjOa0S5lbkt9eif%2Bu9UCd2XgsptUqIYWAwC8IVJnGmVAd%2F7dndWf9rzBcnqCWA1oeW3JcuuDJJDhGNJi3tflcxgppfOs%2BFM3l1lmH53UI3ED8NEQDPIyOCpO64Ljdyg6gVgidVby2Kds84mw%2B1KI%2FOJL3IjaQTVT6vFGFIn6%2Buhl8EUfaBC6D7Y3A0TuXmTEzjrPJqkz2GsSQ8t2VEVQa5%2BynePEDQbrKjfPFQwV0MCtkLg%3D%3D","environmentVariables":{"FIREBASE_CONFIG":"{\"projectId\":\"proiect-ip-iot\",\"storageBucket\":\"proiect-ip-iot.appspot.com\"}","GCLOUD_PROJECT":"proiect-ip-iot","EVENTARC_CLOUD_EVENT_SOURCE":"projects/proiect-ip-iot/locations/us-central1/functions/helloWorld"},"runtime":"nodejs16","buildId":"8aac2351-21b9-4dc9-bbc0-839951247247","buildName":"projects/602472862940/locations/us-central1/builds/8aac2351-21b9-4dc9-bbc0-839951247247","dockerRegistry":"ARTIFACT_REGISTRY"},"versionId":"9","updateTime":"2023-06-10T13:20:22Z","buildId":"70bc41e4-960a-46a3-94df-bfc1734594a7","buildName":"projects/602472862940/locations/us-central1/builds/70bc41e4-960a-46a3-94df-bfc1734594a7"}}
[debug] [2023-06-10T13:20:50.060Z] [update-default-us-central1-helloWorld] Retrying task index 0
[debug] [2023-06-10T13:20:50.062Z] >>> [apiv2][query] GET https://cloudfunctions.googleapis.com/v1/operations/cHJvaWVjdC1pcC1pb3QvdXMtY2VudHJhbDEvaGVsbG9Xb3JsZC9DWFR3bTMzbkhRMA [none]
[debug] [2023-06-10T13:20:50.912Z] <<< [apiv2][status] GET https://cloudfunctions.googleapis.com/v1/operations/cHJvaWVjdC1pcC1pb3QvdXMtY2VudHJhbDEvaGVsbG9Xb3JsZC9DWFR3bTMzbkhRMA 200
[debug] [2023-06-10T13:20:50.912Z] <<< [apiv2][body] GET https://cloudfunctions.googleapis.com/v1/operations/cHJvaWVjdC1pcC1pb3QvdXMtY2VudHJhbDEvaGVsbG9Xb3JsZC9DWFR3bTMzbkhRMA {"name":"operations/cHJvaWVjdC1pcC1pb3QvdXMtY2VudHJhbDEvaGVsbG9Xb3JsZC9DWFR3bTMzbkhRMA","metadata":{"@type":"type.googleapis.com/google.cloud.functions.v1.OperationMetadataV1","target":"projects/proiect-ip-iot/locations/us-central1/functions/helloWorld","type":"UPDATE_FUNCTION","request":{"@type":"type.googleapis.com/google.cloud.functions.v1.CloudFunction","name":"projects/proiect-ip-iot/locations/us-central1/functions/helloWorld","httpsTrigger":{"url":"https://us-central1-proiect-ip-iot.cloudfunctions.net/helloWorld","securityLevel":"SECURE_ALWAYS"},"status":"ACTIVE","entryPoint":"helloWorld","updateTime":"2023-06-10T12:52:40.103Z","versionId":"8","labels":{"deployment-tool":"cli-firebase","firebase-functions-hash":"034043e468fa6fd689dcd018e315ef886d4371d6"},"sourceUploadUrl":"https://storage.googleapis.com/uploads-235091919604.us-central1.cloudfunctions.appspot.com/27cd2e48-d0bb-43dc-bc2a-2c736a3c0682.zip?GoogleAccessId=service-602472862940@gcf-admin-robot.iam.gserviceaccount.com&Expires=1686405021&Signature=OkLa3x9HiWaU%2BEmzrmoJik0Hdx32h3u1Gkb4wq1P2lShfPHfidTWq8oktvXCZJC%2FLcBAPLnYA78OXzkToRtuvUJPgLczpttF44UCvmuFjOa0S5lbkt9eif%2Bu9UCd2XgsptUqIYWAwC8IVJnGmVAd%2F7dndWf9rzBcnqCWA1oeW3JcuuDJJDhGNJi3tflcxgppfOs%2BFM3l1lmH53UI3ED8NEQDPIyOCpO64Ljdyg6gVgidVby2Kds84mw%2B1KI%2FOJL3IjaQTVT6vFGFIn6%2Buhl8EUfaBC6D7Y3A0TuXmTEzjrPJqkz2GsSQ8t2VEVQa5%2BynePEDQbrKjfPFQwV0MCtkLg%3D%3D","environmentVariables":{"FIREBASE_CONFIG":"{\"projectId\":\"proiect-ip-iot\",\"storageBucket\":\"proiect-ip-iot.appspot.com\"}","GCLOUD_PROJECT":"proiect-ip-iot","EVENTARC_CLOUD_EVENT_SOURCE":"projects/proiect-ip-iot/locations/us-central1/functions/helloWorld"},"runtime":"nodejs16","buildId":"8aac2351-21b9-4dc9-bbc0-839951247247","buildName":"projects/602472862940/locations/us-central1/builds/8aac2351-21b9-4dc9-bbc0-839951247247","dockerRegistry":"ARTIFACT_REGISTRY"},"versionId":"9","updateTime":"2023-06-10T13:20:22Z","buildId":"70bc41e4-960a-46a3-94df-bfc1734594a7","buildName":"projects/602472862940/locations/us-central1/builds/70bc41e4-960a-46a3-94df-bfc1734594a7"}}
[debug] [2023-06-10T13:21:00.913Z] [update-default-us-central1-helloWorld] Retrying task index 0
[debug] [2023-06-10T13:21:00.915Z] >>> [apiv2][query] GET https://cloudfunctions.googleapis.com/v1/operations/cHJvaWVjdC1pcC1pb3QvdXMtY2VudHJhbDEvaGVsbG9Xb3JsZC9DWFR3bTMzbkhRMA [none]
[debug] [2023-06-10T13:21:01.216Z] <<< [apiv2][status] GET https://cloudfunctions.googleapis.com/v1/operations/cHJvaWVjdC1pcC1pb3QvdXMtY2VudHJhbDEvaGVsbG9Xb3JsZC9DWFR3bTMzbkhRMA 200
[debug] [2023-06-10T13:21:01.216Z] <<< [apiv2][body] GET https://cloudfunctions.googleapis.com/v1/operations/cHJvaWVjdC1pcC1pb3QvdXMtY2VudHJhbDEvaGVsbG9Xb3JsZC9DWFR3bTMzbkhRMA {"name":"operations/cHJvaWVjdC1pcC1pb3QvdXMtY2VudHJhbDEvaGVsbG9Xb3JsZC9DWFR3bTMzbkhRMA","metadata":{"@type":"type.googleapis.com/google.cloud.functions.v1.OperationMetadataV1","target":"projects/proiect-ip-iot/locations/us-central1/functions/helloWorld","type":"UPDATE_FUNCTION","request":{"@type":"type.googleapis.com/google.cloud.functions.v1.CloudFunction","name":"projects/proiect-ip-iot/locations/us-central1/functions/helloWorld","httpsTrigger":{"url":"https://us-central1-proiect-ip-iot.cloudfunctions.net/helloWorld","securityLevel":"SECURE_ALWAYS"},"status":"ACTIVE","entryPoint":"helloWorld","updateTime":"2023-06-10T12:52:40.103Z","versionId":"8","labels":{"deployment-tool":"cli-firebase","firebase-functions-hash":"034043e468fa6fd689dcd018e315ef886d4371d6"},"sourceUploadUrl":"https://storage.googleapis.com/uploads-235091919604.us-central1.cloudfunctions.appspot.com/27cd2e48-d0bb-43dc-bc2a-2c736a3c0682.zip?GoogleAccessId=service-602472862940@gcf-admin-robot.iam.gserviceaccount.com&Expires=1686405021&Signature=OkLa3x9HiWaU%2BEmzrmoJik0Hdx32h3u1Gkb4wq1P2lShfPHfidTWq8oktvXCZJC%2FLcBAPLnYA78OXzkToRtuvUJPgLczpttF44UCvmuFjOa0S5lbkt9eif%2Bu9UCd2XgsptUqIYWAwC8IVJnGmVAd%2F7dndWf9rzBcnqCWA1oeW3JcuuDJJDhGNJi3tflcxgppfOs%2BFM3l1lmH53UI3ED8NEQDPIyOCpO64Ljdyg6gVgidVby2Kds84mw%2B1KI%2FOJL3IjaQTVT6vFGFIn6%2Buhl8EUfaBC6D7Y3A0TuXmTEzjrPJqkz2GsSQ8t2VEVQa5%2BynePEDQbrKjfPFQwV0MCtkLg%3D%3D","environmentVariables":{"FIREBASE_CONFIG":"{\"projectId\":\"proiect-ip-iot\",\"storageBucket\":\"proiect-ip-iot.appspot.com\"}","GCLOUD_PROJECT":"proiect-ip-iot","EVENTARC_CLOUD_EVENT_SOURCE":"projects/proiect-ip-iot/locations/us-central1/functions/helloWorld"},"runtime":"nodejs16","buildId":"8aac2351-21b9-4dc9-bbc0-839951247247","buildName":"projects/602472862940/locations/us-central1/builds/8aac2351-21b9-4dc9-bbc0-839951247247","dockerRegistry":"ARTIFACT_REGISTRY"},"versionId":"9","updateTime":"2023-06-10T13:20:22Z","buildId":"70bc41e4-960a-46a3-94df-bfc1734594a7","buildName":"projects/602472862940/locations/us-central1/builds/70bc41e4-960a-46a3-94df-bfc1734594a7"}}
[debug] [2023-06-10T13:21:11.218Z] [update-default-us-central1-helloWorld] Retrying task index 0
[debug] [2023-06-10T13:21:11.219Z] >>> [apiv2][query] GET https://cloudfunctions.googleapis.com/v1/operations/cHJvaWVjdC1pcC1pb3QvdXMtY2VudHJhbDEvaGVsbG9Xb3JsZC9DWFR3bTMzbkhRMA [none]
[debug] [2023-06-10T13:21:12.545Z] <<< [apiv2][status] GET https://cloudfunctions.googleapis.com/v1/operations/cHJvaWVjdC1pcC1pb3QvdXMtY2VudHJhbDEvaGVsbG9Xb3JsZC9DWFR3bTMzbkhRMA 200
[debug] [2023-06-10T13:21:12.546Z] <<< [apiv2][body] GET https://cloudfunctions.googleapis.com/v1/operations/cHJvaWVjdC1pcC1pb3QvdXMtY2VudHJhbDEvaGVsbG9Xb3JsZC9DWFR3bTMzbkhRMA {"name":"operations/cHJvaWVjdC1pcC1pb3QvdXMtY2VudHJhbDEvaGVsbG9Xb3JsZC9DWFR3bTMzbkhRMA","metadata":{"@type":"type.googleapis.com/google.cloud.functions.v1.OperationMetadataV1","target":"projects/proiect-ip-iot/locations/us-central1/functions/helloWorld","type":"UPDATE_FUNCTION","request":{"@type":"type.googleapis.com/google.cloud.functions.v1.CloudFunction","name":"projects/proiect-ip-iot/locations/us-central1/functions/helloWorld","httpsTrigger":{"url":"https://us-central1-proiect-ip-iot.cloudfunctions.net/helloWorld","securityLevel":"SECURE_ALWAYS"},"status":"ACTIVE","entryPoint":"helloWorld","updateTime":"2023-06-10T12:52:40.103Z","versionId":"8","labels":{"deployment-tool":"cli-firebase","firebase-functions-hash":"034043e468fa6fd689dcd018e315ef886d4371d6"},"sourceUploadUrl":"https://storage.googleapis.com/uploads-235091919604.us-central1.cloudfunctions.appspot.com/27cd2e48-d0bb-43dc-bc2a-2c736a3c0682.zip?GoogleAccessId=service-602472862940@gcf-admin-robot.iam.gserviceaccount.com&Expires=1686405021&Signature=OkLa3x9HiWaU%2BEmzrmoJik0Hdx32h3u1Gkb4wq1P2lShfPHfidTWq8oktvXCZJC%2FLcBAPLnYA78OXzkToRtuvUJPgLczpttF44UCvmuFjOa0S5lbkt9eif%2Bu9UCd2XgsptUqIYWAwC8IVJnGmVAd%2F7dndWf9rzBcnqCWA1oeW3JcuuDJJDhGNJi3tflcxgppfOs%2BFM3l1lmH53UI3ED8NEQDPIyOCpO64Ljdyg6gVgidVby2Kds84mw%2B1KI%2FOJL3IjaQTVT6vFGFIn6%2Buhl8EUfaBC6D7Y3A0TuXmTEzjrPJqkz2GsSQ8t2VEVQa5%2BynePEDQbrKjfPFQwV0MCtkLg%3D%3D","environmentVariables":{"FIREBASE_CONFIG":"{\"projectId\":\"proiect-ip-iot\",\"storageBucket\":\"proiect-ip-iot.appspot.com\"}","GCLOUD_PROJECT":"proiect-ip-iot","EVENTARC_CLOUD_EVENT_SOURCE":"projects/proiect-ip-iot/locations/us-central1/functions/helloWorld"},"runtime":"nodejs16","buildId":"8aac2351-21b9-4dc9-bbc0-839951247247","buildName":"projects/602472862940/locations/us-central1/builds/8aac2351-21b9-4dc9-bbc0-839951247247","dockerRegistry":"ARTIFACT_REGISTRY"},"versionId":"9","updateTime":"2023-06-10T13:20:22Z","buildId":"70bc41e4-960a-46a3-94df-bfc1734594a7","sourceToken":"38cdc619-e4b7-4343-b4f0-ea249c6f51a1","buildName":"projects/602472862940/locations/us-central1/builds/70bc41e4-960a-46a3-94df-bfc1734594a7"}}
[debug] [2023-06-10T13:21:12.546Z] Got source token 38cdc619-e4b7-4343-b4f0-ea249c6f51a1 for region us-central1
[debug] [2023-06-10T13:21:22.547Z] [update-default-us-central1-helloWorld] Retrying task index 0
[debug] [2023-06-10T13:21:22.549Z] >>> [apiv2][query] GET https://cloudfunctions.googleapis.com/v1/operations/cHJvaWVjdC1pcC1pb3QvdXMtY2VudHJhbDEvaGVsbG9Xb3JsZC9DWFR3bTMzbkhRMA [none]
[debug] [2023-06-10T13:21:22.861Z] <<< [apiv2][status] GET https://cloudfunctions.googleapis.com/v1/operations/cHJvaWVjdC1pcC1pb3QvdXMtY2VudHJhbDEvaGVsbG9Xb3JsZC9DWFR3bTMzbkhRMA 200
[debug] [2023-06-10T13:21:22.862Z] <<< [apiv2][body] GET https://cloudfunctions.googleapis.com/v1/operations/cHJvaWVjdC1pcC1pb3QvdXMtY2VudHJhbDEvaGVsbG9Xb3JsZC9DWFR3bTMzbkhRMA {"name":"operations/cHJvaWVjdC1pcC1pb3QvdXMtY2VudHJhbDEvaGVsbG9Xb3JsZC9DWFR3bTMzbkhRMA","metadata":{"@type":"type.googleapis.com/google.cloud.functions.v1.OperationMetadataV1","target":"projects/proiect-ip-iot/locations/us-central1/functions/helloWorld","type":"UPDATE_FUNCTION","request":{"@type":"type.googleapis.com/google.cloud.functions.v1.CloudFunction","name":"projects/proiect-ip-iot/locations/us-central1/functions/helloWorld","httpsTrigger":{"url":"https://us-central1-proiect-ip-iot.cloudfunctions.net/helloWorld","securityLevel":"SECURE_ALWAYS"},"status":"ACTIVE","entryPoint":"helloWorld","updateTime":"2023-06-10T12:52:40.103Z","versionId":"8","labels":{"deployment-tool":"cli-firebase","firebase-functions-hash":"034043e468fa6fd689dcd018e315ef886d4371d6"},"sourceUploadUrl":"https://storage.googleapis.com/uploads-235091919604.us-central1.cloudfunctions.appspot.com/27cd2e48-d0bb-43dc-bc2a-2c736a3c0682.zip?GoogleAccessId=service-602472862940@gcf-admin-robot.iam.gserviceaccount.com&Expires=1686405021&Signature=OkLa3x9HiWaU%2BEmzrmoJik0Hdx32h3u1Gkb4wq1P2lShfPHfidTWq8oktvXCZJC%2FLcBAPLnYA78OXzkToRtuvUJPgLczpttF44UCvmuFjOa0S5lbkt9eif%2Bu9UCd2XgsptUqIYWAwC8IVJnGmVAd%2F7dndWf9rzBcnqCWA1oeW3JcuuDJJDhGNJi3tflcxgppfOs%2BFM3l1lmH53UI3ED8NEQDPIyOCpO64Ljdyg6gVgidVby2Kds84mw%2B1KI%2FOJL3IjaQTVT6vFGFIn6%2Buhl8EUfaBC6D7Y3A0TuXmTEzjrPJqkz2GsSQ8t2VEVQa5%2BynePEDQbrKjfPFQwV0MCtkLg%3D%3D","environmentVariables":{"FIREBASE_CONFIG":"{\"projectId\":\"proiect-ip-iot\",\"storageBucket\":\"proiect-ip-iot.appspot.com\"}","GCLOUD_PROJECT":"proiect-ip-iot","EVENTARC_CLOUD_EVENT_SOURCE":"projects/proiect-ip-iot/locations/us-central1/functions/helloWorld"},"runtime":"nodejs16","buildId":"8aac2351-21b9-4dc9-bbc0-839951247247","buildName":"projects/602472862940/locations/us-central1/builds/8aac2351-21b9-4dc9-bbc0-839951247247","dockerRegistry":"ARTIFACT_REGISTRY"},"versionId":"9","updateTime":"2023-06-10T13:21:15Z","buildId":"70bc41e4-960a-46a3-94df-bfc1734594a7","sourceToken":"38cdc619-e4b7-4343-b4f0-ea249c6f51a1","buildName":"projects/602472862940/locations/us-central1/builds/70bc41e4-960a-46a3-94df-bfc1734594a7"},"done":true,"error":{"code":3,"message":"Function failed on loading user code. This is likely due to a bug in the user code. Error message: Provided module can't be loaded.\nDid you list all required modules in the package.json dependencies?\nDetailed stack trace: Error: Cannot find module 'dayjs'\nRequire stack:\n- /workspace/index.js\n- /layers/google.nodejs.functions-framework/functions-framework/node_modules/@google-cloud/functions-framework/build/src/loader.js\n- /layers/google.nodejs.functions-framework/functions-framework/node_modules/@google-cloud/functions-framework/build/src/main.js\n    at Function.Module._resolveFilename (node:internal/modules/cjs/loader:1026:15)\n    at Function.Module._load (node:internal/modules/cjs/loader:871:27)\n    at Module.require (node:internal/modules/cjs/loader:1098:19)\n    at require (node:internal/modules/cjs/helpers:108:18)\n    at Object.<anonymous> (/workspace/index.js:4:15)\n    at Module._compile (node:internal/modules/cjs/loader:1196:14)\n    at Object.Module._extensions..js (node:internal/modules/cjs/loader:1250:10)\n    at Module.load (node:internal/modules/cjs/loader:1074:32)\n    at Function.Module._load (node:internal/modules/cjs/loader:909:12)\n    at Module.require (node:internal/modules/cjs/loader:1098:19)\nCould not load the function, shutting down.. Please visit https://cloud.google.com/functions/docs/troubleshooting for in-depth troubleshooting documentation."}}
[debug] [2023-06-10T13:21:22.862Z] Got source token 38cdc619-e4b7-4343-b4f0-ea249c6f51a1 for region us-central1
[error] Function failed on loading user code. This is likely due to a bug in the user code. Error message: Provided module can't be loaded.
Did you list all required modules in the package.json dependencies?
Detailed stack trace: Error: Cannot find module 'dayjs'
Require stack:
- /workspace/index.js
- /layers/google.nodejs.functions-framework/functions-framework/node_modules/@google-cloud/functions-framework/build/src/loader.js
- /layers/google.nodejs.functions-framework/functions-framework/node_modules/@google-cloud/functions-framework/build/src/main.js
    at Function.Module._resolveFilename (node:internal/modules/cjs/loader:1026:15)
    at Function.Module._load (node:internal/modules/cjs/loader:871:27)
    at Module.require (node:internal/modules/cjs/loader:1098:19)
    at require (node:internal/modules/cjs/helpers:108:18)
    at Object.<anonymous> (/workspace/index.js:4:15)
    at Module._compile (node:internal/modules/cjs/loader:1196:14)
    at Object.Module._extensions..js (node:internal/modules/cjs/loader:1250:10)
    at Module.load (node:internal/modules/cjs/loader:1074:32)
    at Function.Module._load (node:internal/modules/cjs/loader:909:12)
    at Module.require (node:internal/modules/cjs/loader:1098:19)
Could not load the function, shutting down.. Please visit https://cloud.google.com/functions/docs/troubleshooting for in-depth troubleshooting documentation.
[debug] [2023-06-10T13:21:22.868Z] Total Function Deployment time: 60902
[debug] [2023-06-10T13:21:22.868Z] 1 Functions Deployed
[debug] [2023-06-10T13:21:22.868Z] 1 Functions Errored
[debug] [2023-06-10T13:21:22.868Z] 0 Function Deployments Aborted
[debug] [2023-06-10T13:21:22.868Z] Average Function Deployment time: 60901
[info] 
[info] Functions deploy had errors with the following functions:
	helloWorld(us-central1)
[debug] [2023-06-10T13:21:22.869Z] Not printing URL for HTTPS function. Typically this means it didn't match a filter or we failed deployment
[info] i  functions: cleaning up build files... 
[debug] [2023-06-10T13:21:22.871Z] >>> [apiv2][query] DELETE https://artifactregistry.googleapis.com/v1beta2/projects/proiect-ip-iot/locations/us-central1/repositories/gcf-artifacts/packages/hello_world [none]
[debug] [2023-06-10T13:21:22.872Z] >>> [apiv2][query] GET https://us.gcr.io/v2/proiect-ip-iot/gcf/us-central1/tags/list [none]
[debug] [2023-06-10T13:21:23.202Z] <<< [apiv2][status] GET https://us.gcr.io/v2/proiect-ip-iot/gcf/us-central1/tags/list 200
[debug] [2023-06-10T13:21:23.202Z] <<< [apiv2][body] GET https://us.gcr.io/v2/proiect-ip-iot/gcf/us-central1/tags/list {"child":[],"manifest":{},"name":"proiect-ip-iot/gcf/us-central1","tags":[]}
[debug] [2023-06-10T13:21:23.203Z] Could not find image for function projects/proiect-ip-iot/locations/us-central1/functions/helloWorld
[debug] [2023-06-10T13:21:23.314Z] <<< [apiv2][status] DELETE https://artifactregistry.googleapis.com/v1beta2/projects/proiect-ip-iot/locations/us-central1/repositories/gcf-artifacts/packages/hello_world 200
[debug] [2023-06-10T13:21:23.314Z] <<< [apiv2][body] DELETE https://artifactregistry.googleapis.com/v1beta2/projects/proiect-ip-iot/locations/us-central1/repositories/gcf-artifacts/packages/hello_world {"name":"projects/proiect-ip-iot/locations/us-central1/operations/ee471bac-7e78-4371-a040-e1ac4d7ff22d","metadata":{"@type":"type.googleapis.com/google.devtools.artifactregistry.v1beta2.OperationMetadata"}}
[debug] [2023-06-10T13:21:23.315Z] >>> [apiv2][query] GET https://artifactregistry.googleapis.com/v1beta2/projects/proiect-ip-iot/locations/us-central1/operations/ee471bac-7e78-4371-a040-e1ac4d7ff22d [none]
[debug] [2023-06-10T13:21:24.245Z] <<< [apiv2][status] GET https://artifactregistry.googleapis.com/v1beta2/projects/proiect-ip-iot/locations/us-central1/operations/ee471bac-7e78-4371-a040-e1ac4d7ff22d 200
[debug] [2023-06-10T13:21:24.245Z] <<< [apiv2][body] GET https://artifactregistry.googleapis.com/v1beta2/projects/proiect-ip-iot/locations/us-central1/operations/ee471bac-7e78-4371-a040-e1ac4d7ff22d {"name":"projects/proiect-ip-iot/locations/us-central1/operations/ee471bac-7e78-4371-a040-e1ac4d7ff22d","metadata":{"@type":"type.googleapis.com/google.devtools.artifactregistry.v1beta2.OperationMetadata"},"done":true,"response":{"@type":"type.googleapis.com/google.protobuf.Empty"}}
[debug] [2023-06-10T13:21:24.245Z] Functions deploy failed.
[debug] [2023-06-10T13:21:24.246Z] {
  "endpoint": {
    "id": "helloWorld",
    "project": "proiect-ip-iot",
    "region": "us-central1",
    "entryPoint": "helloWorld",
    "platform": "gcfv1",
    "runtime": "nodejs16",
    "httpsTrigger": {},
    "serviceAccount": null,
    "ingressSettings": null,
    "availableMemoryMb": null,
    "timeoutSeconds": null,
    "maxInstances": null,
    "minInstances": null,
    "vpc": null,
    "environmentVariables": {
      "FIREBASE_CONFIG": "{\"projectId\":\"proiect-ip-iot\",\"storageBucket\":\"proiect-ip-iot.appspot.com\"}",
      "GCLOUD_PROJECT": "proiect-ip-iot",
      "EVENTARC_CLOUD_EVENT_SOURCE": "projects/proiect-ip-iot/locations/us-central1/functions/helloWorld"
    },
    "codebase": "default",
    "securityLevel": "SECURE_ALWAYS",
    "targetedByOnly": false,
    "hash": "034043e468fa6fd689dcd018e315ef886d4371d6",
    "labels": {
      "deployment-tool": "cli-firebase"
    }
  },
  "op": "update",
  "original": {
    "name": "FirebaseError",
    "children": [],
    "exit": 1,
    "message": "Function failed on loading user code. This is likely due to a bug in the user code. Error message: Provided module can't be loaded.\nDid you list all required modules in the package.json dependencies?\nDetailed stack trace: Error: Cannot find module 'dayjs'\nRequire stack:\n- /workspace/index.js\n- /layers/google.nodejs.functions-framework/functions-framework/node_modules/@google-cloud/functions-framework/build/src/loader.js\n- /layers/google.nodejs.functions-framework/functions-framework/node_modules/@google-cloud/functions-framework/build/src/main.js\n    at Function.Module._resolveFilename (node:internal/modules/cjs/loader:1026:15)\n    at Function.Module._load (node:internal/modules/cjs/loader:871:27)\n    at Module.require (node:internal/modules/cjs/loader:1098:19)\n    at require (node:internal/modules/cjs/helpers:108:18)\n    at Object.<anonymous> (/workspace/index.js:4:15)\n    at Module._compile (node:internal/modules/cjs/loader:1196:14)\n    at Object.Module._extensions..js (node:internal/modules/cjs/loader:1250:10)\n    at Module.load (node:internal/modules/cjs/loader:1074:32)\n    at Function.Module._load (node:internal/modules/cjs/loader:909:12)\n    at Module.require (node:internal/modules/cjs/loader:1098:19)\nCould not load the function, shutting down.. Please visit https://cloud.google.com/functions/docs/troubleshooting for in-depth troubleshooting documentation.",
    "status": 3
  }
}
[debug] [2023-06-10T13:21:24.248Z] Error: Failed to update function helloWorld in region us-central1
    at /usr/local/lib/node_modules/firebase-tools/lib/deploy/functions/release/fabricator.js:48:11
    at processTicksAndRejections (node:internal/process/task_queues:96:5)
    at async Fabricator.updateV1Function (/usr/local/lib/node_modules/firebase-tools/lib/deploy/functions/release/fabricator.js:323:32)
    at async Fabricator.updateEndpoint (/usr/local/lib/node_modules/firebase-tools/lib/deploy/functions/release/fabricator.js:147:13)
    at async handle (/usr/local/lib/node_modules/firebase-tools/lib/deploy/functions/release/fabricator.js:85:17)
[error] 
[error] Error: There was an error deploying functions
